<?xml version="1.0" encoding="UTF-8"?>
<testng-results ignored="0" total="1" passed="1" failed="0" skipped="0">
  <reporter-output>
  </reporter-output>
  <suite started-at="2024-10-08T03:27:00 IST" name="Default suite" finished-at="2024-10-08T03:28:16 IST" duration-ms="76651">
    <groups>
    </groups>
    <test started-at="2024-10-08T03:27:00 IST" name="Default test" finished-at="2024-10-08T03:28:16 IST" duration-ms="76651">
      <class name="createCatalog.Script">
        <test-method is-config="true" signature="openApp()[pri:0, instance:createCatalog.Script@2ed2d9cb]" started-at="2024-10-08T03:27:00 IST" name="openApp" finished-at="2024-10-08T03:27:10 IST" duration-ms="10680" status="PASS">
          <reporter-output>
          </reporter-output>
        </test-method> <!-- openApp -->
        <test-method signature="cC()[pri:0, instance:createCatalog.Script@2ed2d9cb]" started-at="2024-10-08T03:27:10 IST" name="cC" finished-at="2024-10-08T03:28:16 IST" duration-ms="65491" status="PASS">
          <reporter-output>
          </reporter-output>
        </test-method> <!-- cC -->
        <test-method is-config="true" signature="closeApp()[pri:0, instance:createCatalog.Script@2ed2d9cb]" started-at="2024-10-08T03:28:16 IST" name="closeApp" finished-at="2024-10-08T03:28:16 IST" duration-ms="398" status="PASS">
          <reporter-output>
          </reporter-output>
        </test-method> <!-- closeApp -->
      </class> <!-- createCatalog.Script -->
    </test> <!-- Default test -->
  </suite> <!-- Default suite -->
</testng-results>
