<?xml version="1.0" encoding="UTF-8"?>
<testng-results ignored="0" total="1" passed="1" failed="0" skipped="0">
  <reporter-output>
  </reporter-output>
  <suite started-at="2024-10-06T16:54:49 IST" name="Default suite" finished-at="2024-10-06T16:57:13 IST" duration-ms="143443">
    <groups>
    </groups>
    <test started-at="2024-10-06T16:54:49 IST" name="Default test" finished-at="2024-10-06T16:57:13 IST" duration-ms="143443">
      <class name="createCatalog.Script">
        <test-method is-config="true" signature="openApp()[pri:0, instance:createCatalog.Script@2ed2d9cb]" started-at="2024-10-06T16:54:49 IST" name="openApp" finished-at="2024-10-06T16:54:57 IST" duration-ms="7779" status="PASS">
          <reporter-output>
          </reporter-output>
        </test-method> <!-- openApp -->
        <test-method signature="cC()[pri:0, instance:createCatalog.Script@2ed2d9cb]" started-at="2024-10-06T16:54:57 IST" name="cC" finished-at="2024-10-06T16:57:12 IST" duration-ms="134920" status="PASS">
          <reporter-output>
          </reporter-output>
        </test-method> <!-- cC -->
        <test-method is-config="true" signature="closeApp()[pri:0, instance:createCatalog.Script@2ed2d9cb]" started-at="2024-10-06T16:57:12 IST" name="closeApp" finished-at="2024-10-06T16:57:13 IST" duration-ms="625" status="PASS">
          <reporter-output>
          </reporter-output>
        </test-method> <!-- closeApp -->
      </class> <!-- createCatalog.Script -->
    </test> <!-- Default test -->
  </suite> <!-- Default suite -->
</testng-results>
